<?xml version="1.0" encoding="UTF-8"?>
<testsuite xmlns:xsi="http://www.w3.org/2001/XMLSchema-instance" xsi:noNamespaceSchemaLocation="https://maven.apache.org/surefire/maven-surefire-plugin/xsd/surefire-test-report.xsd" name="com.mediscreen.note.controller.NoteControllerTest" time="4.157" tests="11" errors="0" skipped="0" failures="0">
  <properties>
[...]
</properties>
  <testcase name="testGetNotesThrowsNoteNotFoundException" classname="com.mediscreen.note.controller.NoteControllerTest" time="0.188"/>
  <testcase name="testGetNotes" classname="com.mediscreen.note.controller.NoteControllerTest" time="0.093"/>
  <testcase name="testAddNote" classname="com.mediscreen.note.controller.NoteControllerTest" time="0.125"/>
  <testcase name="testUpdateNote" classname="com.mediscreen.note.controller.NoteControllerTest" time="0.016"/>
  <testcase name="testDeleteNoteThrowsNoteNotFoundException" classname="com.mediscreen.note.controller.NoteControllerTest" time="0"/>
  <testcase name="testGetNote" classname="com.mediscreen.note.controller.NoteControllerTest" time="0"/>
  <testcase name="testUpdateNoteThrowsNoteNotFoundException" classname="com.mediscreen.note.controller.NoteControllerTest" time="0.016"/>
  <testcase name="testGetNoteThrowsNoteNotFoundException" classname="com.mediscreen.note.controller.NoteControllerTest" time="0"/>
  <testcase name="testGetNotesByPatientIdThrowsNoteNotFoundException" classname="com.mediscreen.note.controller.NoteControllerTest" time="0"/>
  <testcase name="testDeleteNote" classname="com.mediscreen.note.controller.NoteControllerTest" time="0.015"/>
  <testcase name="testGetNotesByPatientId" classname="com.mediscreen.note.controller.NoteControllerTest" time="0"/>
</testsuite>